
Started Import Process
# System Details: 
Debug Mode 		: Disabled
Operating System 	: Linux
Software 		: Apache/2.4.41 (Ubuntu)
MySQL version 		: 8.0.42
XML Reader 		: Yes
PHP Version 		: 7.4.3-4ubuntu2.29
PHP Max Input Vars 	: 1000
PHP Max Post Size 	: 8M
PHP Extension GD 	: Yes
PHP Max Execution Time 	: 30
Max Upload Size 	: 2 MB
Memory Limit 		: Current memory limit 40M. We recommend setting memory to at least 64M.
Timezone 		: 0

-----

Importing Started! - 07:50:09 UTC
---

WHY IMPORT PROCESS CAN FAIL? READ THIS - 
https://wpastra.com/docs/?p=1314&utm_source=demo-import-panel&utm_campaign=import-error&utm_medium=wp-dashboard

---

{"post_title":"Response XML","post_mime_type":"application\/xml","post_content":"","post_status":"inherit"}
"\/var\/www\/html\/wp-content\/uploads\/2025\/06\/wxr.xml"
61